1999
1997
1993
1987
1979
1973
1951
1949
1933
1931
1913
1907
1901
1889
1879
1877
1873
1871
1867
1861
1847
1831
1823
1811
1801
1789
1787
1783
1777
1759
1753
1747
1741
1733
1723
1721
1709
1699
1697
1693
1669
1667
1663
1657
1637
1627
1621
1619
1613
1609
1607
1601
1597
1583
1579
1571
1567
1559
1553
1549
1543
1531
1523
1511
1499
1493
1489
1487
1483
1481
1471
1459
1453
1451
1447
1439
1433
1429
1427
1423
1409
1399
1381
1373
1367
1361
1327
1321
1319
1307
1303
1301
1297
1291
1289
1283
1279
1277
1259
1249
1237
1231
1229
1223
1217
1213
1201
1193
1187
1181
1171
1163
1153
1151
1129
1123
1117
1109
1103
1097
1093
1091
1087
1069
1063
1061
1051
1049
1039
1033
1031
1021
1019
1013
1009
